<?xml version="1.0" encoding="UTF-8"?>
<robot generator="Robot 5.0.1 (Python 3.10.4 on win32)" generated="20220829 19:54:43.535" rpa="false" schemaversion="3">
<suite id="s1" name="First Page" source="C:\Users\Kalpesh kulkarni\PycharmProjects\VMR\testCases\First_Page.robot">
<test id="s1-t1" name="FirstPageTitle" line="9">
<kw name="Open Browser" library="SeleniumLibrary">
<arg>${url}</arg>
<arg>${browser}</arg>
<doc>Opens a new browser instance to the optional ``url``.</doc>
<msg timestamp="20220829 19:54:44.144" level="INFO">Opening browser 'Chrome' to base url 'https://www.verifiedmarketresearch.com/'.</msg>
<status status="PASS" starttime="20220829 19:54:44.144" endtime="20220829 19:54:51.051"/>
</kw>
<kw name="Title Should Be" library="SeleniumLibrary">
<arg>Verified Market Research®| Get Market Analysis And Research Reports</arg>
<doc>Verifies that the current page title equals ``title``.</doc>
<msg timestamp="20220829 19:54:51.070" level="INFO">Page title is 'Verified Market Research®| Get Market Analysis And Research Reports'.</msg>
<status status="PASS" starttime="20220829 19:54:51.052" endtime="20220829 19:54:51.070"/>
</kw>
<status status="PASS" starttime="20220829 19:54:44.144" endtime="20220829 19:54:51.072"/>
</test>
<test id="s1-t2" name="FirstPageVmintellegence" line="14">
<kw name="Click Element" library="SeleniumLibrary">
<arg>xpath://header/div[1]/nav[1]/div[2]/ul[1]/li[2]/a[1]</arg>
<doc>Click the element identified by ``locator``.</doc>
<msg timestamp="20220829 19:54:51.081" level="INFO">Clicking element 'xpath://header/div[1]/nav[1]/div[2]/ul[1]/li[2]/a[1]'.</msg>
<status status="PASS" starttime="20220829 19:54:51.080" endtime="20220829 19:54:53.107"/>
</kw>
<kw name="Title Should Be" library="SeleniumLibrary">
<arg>VM Intelligence - Verified Market Research ™</arg>
<doc>Verifies that the current page title equals ``title``.</doc>
<msg timestamp="20220829 19:54:53.150" level="INFO">Page title is 'VM Intelligence - Verified Market Research ™'.</msg>
<status status="PASS" starttime="20220829 19:54:53.108" endtime="20220829 19:54:53.150"/>
</kw>
<kw name="Close Browser" library="SeleniumLibrary">
<doc>Closes the current browser.</doc>
<status status="PASS" starttime="20220829 19:54:53.151" endtime="20220829 19:54:55.611"/>
</kw>
<status status="PASS" starttime="20220829 19:54:51.079" endtime="20220829 19:54:55.611"/>
</test>
<status status="PASS" starttime="20220829 19:54:43.535" endtime="20220829 19:54:55.611"/>
</suite>
<statistics>
<total>
<stat pass="2" fail="0" skip="0">All Tests</stat>
</total>
<tag>
</tag>
<suite>
<stat pass="2" fail="0" skip="0" id="s1" name="First Page">First Page</stat>
</suite>
</statistics>
<errors>
</errors>
</robot>
